<?xml version="1.0" encoding="UTF-8"?>
<testng-results ignored="0" total="1" passed="1" failed="0" skipped="0">
  <reporter-output>
    <line>
      <![CDATA[opening ajio]]>
    </line>
  </reporter-output>
  <suite started-at="2023-08-02T21:48:21 IST" name="Default suite" finished-at="2023-08-02T21:49:00 IST" duration-ms="39008">
    <groups>
    </groups>
    <test started-at="2023-08-02T21:48:21 IST" name="Default test" finished-at="2023-08-02T21:49:00 IST" duration-ms="39008">
      <class name="salesPackage.Ajio1">
        <test-method signature="ajiotest()[pri:0, instance:salesPackage.Ajio1@223191a6]" started-at="2023-08-02T21:48:21 IST" name="ajiotest" finished-at="2023-08-02T21:49:00 IST" duration-ms="38977" status="PASS">
          <reporter-output>
            <line>
              <![CDATA[opening ajio]]>
            </line>
          </reporter-output>
        </test-method> <!-- ajiotest -->
      </class> <!-- salesPackage.Ajio1 -->
    </test> <!-- Default test -->
  </suite> <!-- Default suite -->
</testng-results>
