<?xml version="1.0" encoding="UTF-8"?>
<testng-results ignored="0" total="1" passed="1" failed="0" skipped="0">
  <reporter-output>
    <line>
      <![CDATA[myntra opening]]>
    </line>
  </reporter-output>
  <suite started-at="2023-08-03T07:50:05 IST" name="Default suite" finished-at="2023-08-03T07:50:32 IST" duration-ms="27143">
    <groups>
    </groups>
    <test started-at="2023-08-03T07:50:05 IST" name="Default test" finished-at="2023-08-03T07:50:32 IST" duration-ms="27143">
      <class name="salesPackage.Myntra1">
        <test-method signature="myntratest()[pri:0, instance:salesPackage.Myntra1@223191a6]" started-at="2023-08-03T07:50:05 IST" name="myntratest" finished-at="2023-08-03T07:50:32 IST" duration-ms="27115" status="PASS">
          <reporter-output>
            <line>
              <![CDATA[myntra opening]]>
            </line>
          </reporter-output>
        </test-method> <!-- myntratest -->
      </class> <!-- salesPackage.Myntra1 -->
    </test> <!-- Default test -->
  </suite> <!-- Default suite -->
</testng-results>
